<?xml version="1.0" ?>
<!DOCTYPE coverage SYSTEM "http://cobertura.sourceforge.net/xml/coverage-04.dtd">
<coverage lines-valid="481"  lines-covered="466"  line-rate="0.9688"  branches-valid="253"  branches-covered="211"  branch-rate="0.8340000000000001"  timestamp="1480599754825" complexity="0" version="0.1">
<sources>
	<source>/Users/chemzqm/component-dev/sortable</source>
</sources>
<packages>
	<package name="lib"  line-rate="0.9688"  branch-rate="0.8340000000000001" >
	<classes>
		<class name="animate.js"  filename="lib/animate.js"  line-rate="1"  branch-rate="0.9677" >
		<methods>
			<method name="Animate"  hits="14"  signature="()V" >
				<lines><line number="8"  hits="14" /></lines>
			</method>
			<method name="(anonymous_2)"  hits="77"  signature="()V" >
				<lines><line number="25"  hits="77" /></lines>
			</method>
			<method name="(anonymous_3)"  hits="22"  signature="()V" >
				<lines><line number="50"  hits="22" /></lines>
			</method>
			<method name="(anonymous_4)"  hits="21"  signature="()V" >
				<lines><line number="60"  hits="21" /></lines>
			</method>
			<method name="(anonymous_5)"  hits="24"  signature="()V" >
				<lines><line number="78"  hits="24" /></lines>
			</method>
			<method name="(anonymous_6)"  hits="23"  signature="()V" >
				<lines><line number="82"  hits="23" /></lines>
			</method>
		</methods>
		<lines>
			<line number="1"  hits="1"  branch="false" />
			<line number="2"  hits="1"  branch="false" />
			<line number="3"  hits="1"  branch="false" />
			<line number="4"  hits="1"  branch="false" />
			<line number="5"  hits="1"  branch="false" />
			<line number="6"  hits="1"  branch="false" />
			<line number="8"  hits="1"  branch="false" />
			<line number="9"  hits="14"  branch="false" />
			<line number="10"  hits="14"  branch="false" />
			<line number="11"  hits="14"  branch="false" />
			<line number="12"  hits="14"  branch="false" />
			<line number="13"  hits="14"  branch="false" />
			<line number="14"  hits="14"  branch="false" />
			<line number="25"  hits="1"  branch="false" />
			<line number="26"  hits="77"  branch="true"  condition-coverage="100% (2/2)" />
			<line number="27"  hits="77"  branch="true"  condition-coverage="100% (2/2)" />
			<line number="28"  hits="77"  branch="false" />
			<line number="29"  hits="77"  branch="true"  condition-coverage="100% (2/2)" />
			<line number="30"  hits="24"  branch="false" />
			<line number="32"  hits="24"  branch="true"  condition-coverage="100% (2/2)" />
			<line number="33"  hits="3"  branch="false" />
			<line number="34"  hits="3"  branch="true"  condition-coverage="100% (2/2)" />
			<line number="35"  hits="2"  branch="false" />
			<line number="36"  hits="2"  branch="false" />
			<line number="38"  hits="1"  branch="false" />
			<line number="39"  hits="1"  branch="false" />
			<line number="40"  hits="1"  branch="false" />
			<line number="43"  hits="21"  branch="false" />
			<line number="44"  hits="21"  branch="false" />
			<line number="45"  hits="21"  branch="false" />
			<line number="46"  hits="21"  branch="false" />
			<line number="50"  hits="1"  branch="false" />
			<line number="51"  hits="22"  branch="false" />
			<line number="52"  hits="22"  branch="true"  condition-coverage="100% (2/2)" />
			<line number="53"  hits="14"  branch="true"  condition-coverage="100% (2/2)" />
			<line number="55"  hits="8"  branch="true"  condition-coverage="100% (2/2)" />
			<line number="57"  hits="22"  branch="false" />
			<line number="60"  hits="1"  branch="false" />
			<line number="61"  hits="21"  branch="false" />
			<line number="62"  hits="21"  branch="false" />
			<line number="63"  hits="21"  branch="false" />
			<line number="64"  hits="21"  branch="false" />
			<line number="65"  hits="21"  branch="false" />
			<line number="66"  hits="21"  branch="false" />
			<line number="68"  hits="21"  branch="true"  condition-coverage="100% (2/2)" />
			<line number="69"  hits="13"  branch="false" />
			<line number="71"  hits="8"  branch="false" />
			<line number="73"  hits="21"  branch="false" />
			<line number="75"  hits="21"  branch="false" />
			<line number="78"  hits="1"  branch="false" />
			<line number="79"  hits="24"  branch="false" />
			<line number="80"  hits="24"  branch="false" />
			<line number="81"  hits="24"  branch="false" />
			<line number="82"  hits="24"  branch="false" />
			<line number="83"  hits="23"  branch="false" />
			<line number="84"  hits="23"  branch="false" />
			<line number="85"  hits="23"  branch="true"  condition-coverage="100% (2/2)" />
			<line number="86"  hits="21"  branch="false" />
			<line number="88"  hits="21"  branch="false" />
			<line number="89"  hits="21"  branch="false" />
			<line number="90"  hits="21"  branch="false" />
			<line number="91"  hits="21"  branch="true"  condition-coverage="100% (5/5)" />
			<line number="92"  hits="20"  branch="true"  condition-coverage="100% (2/2)" />
			<line number="93"  hits="11"  branch="false" />
			<line number="95"  hits="9"  branch="false" />
			<line number="98"  hits="21"  branch="false" />
			<line number="99"  hits="21"  branch="true"  condition-coverage="50% (1/2)" />
			<line number="101"  hits="21"  branch="false" />
			<line number="102"  hits="21"  branch="true"  condition-coverage="100% (2/2)" />
			<line number="103"  hits="13"  branch="false" />
			<line number="104"  hits="13"  branch="false" />
			<line number="106"  hits="8"  branch="false" />
			<line number="107"  hits="8"  branch="false" />
			<line number="109"  hits="21"  branch="false" />
			<line number="111"  hits="24"  branch="false" />
			<line number="112"  hits="24"  branch="false" />
			<line number="113"  hits="24"  branch="false" />
			<line number="116"  hits="1"  branch="false" />
		</lines>
		</class>
		<class name="index.js"  filename="lib/index.js"  line-rate="0.9704"  branch-rate="0.8408" >
		<methods>
			<method name="Sortable"  hits="42"  signature="()V" >
				<lines><line number="32"  hits="42" /></lines>
			</method>
			<method name="(anonymous_2)"  hits="12"  signature="()V" >
				<lines><line number="45"  hits="12" /></lines>
			</method>
			<method name="(anonymous_3)"  hits="13"  signature="()V" >
				<lines><line number="50"  hits="13" /></lines>
			</method>
			<method name="(anonymous_4)"  hits="18"  signature="()V" >
				<lines><line number="69"  hits="18" /></lines>
			</method>
			<method name="(anonymous_5)"  hits="1"  signature="()V" >
				<lines><line number="101"  hits="1" /></lines>
			</method>
			<method name="(anonymous_6)"  hits="2"  signature="()V" >
				<lines><line number="112"  hits="2" /></lines>
			</method>
			<method name="(anonymous_7)"  hits="2"  signature="()V" >
				<lines><line number="125"  hits="2" /></lines>
			</method>
			<method name="(anonymous_8)"  hits="17"  signature="()V" >
				<lines><line number="135"  hits="17" /></lines>
			</method>
			<method name="(anonymous_9)"  hits="12"  signature="()V" >
				<lines><line number="145"  hits="12" /></lines>
			</method>
			<method name="(anonymous_10)"  hits="298"  signature="()V" >
				<lines><line number="183"  hits="298" /></lines>
			</method>
			<method name="(anonymous_11)"  hits="125"  signature="()V" >
				<lines><line number="215"  hits="125" /></lines>
			</method>
			<method name="(anonymous_12)"  hits="3"  signature="()V" >
				<lines><line number="225"  hits="3" /></lines>
			</method>
			<method name="(anonymous_13)"  hits="14"  signature="()V" >
				<lines><line number="231"  hits="14" /></lines>
			</method>
			<method name="(anonymous_14)"  hits="142"  signature="()V" >
				<lines><line number="250"  hits="142" /></lines>
			</method>
			<method name="(anonymous_15)"  hits="127"  signature="()V" >
				<lines><line number="309"  hits="127" /></lines>
			</method>
			<method name="cb"  hits="14"  signature="()V" >
				<lines><line number="322"  hits="14" /></lines>
			</method>
			<method name="(anonymous_17)"  hits="12"  signature="()V" >
				<lines><line number="355"  hits="12" /></lines>
			</method>
			<method name="(anonymous_18)"  hits="2"  signature="()V" >
				<lines><line number="377"  hits="2" /></lines>
			</method>
			<method name="animate"  hits="42"  signature="()V" >
				<lines><line number="396"  hits="42" /></lines>
			</method>
			<method name="(anonymous_20)"  hits="10"  signature="()V" >
				<lines><line number="424"  hits="10" /></lines>
			</method>
			<method name="(anonymous_21)"  hits="4"  signature="()V" >
				<lines><line number="434"  hits="4" /></lines>
			</method>
			<method name="(anonymous_22)"  hits="3"  signature="()V" >
				<lines><line number="449"  hits="3" /></lines>
			</method>
			<method name="(anonymous_23)"  hits="1"  signature="()V" >
				<lines><line number="462"  hits="1" /></lines>
			</method>
			<method name="(anonymous_24)"  hits="2"  signature="()V" >
				<lines><line number="465"  hits="2" /></lines>
			</method>
			<method name="(anonymous_25)"  hits="2"  signature="()V" >
				<lines><line number="487"  hits="2" /></lines>
			</method>
			<method name="end"  hits="2"  signature="()V" >
				<lines><line number="491"  hits="2" /></lines>
			</method>
			<method name="(anonymous_27)"  hits="24"  signature="()V" >
				<lines><line number="499"  hits="24" /></lines>
			</method>
			<method name="(anonymous_28)"  hits="2"  signature="()V" >
				<lines><line number="505"  hits="2" /></lines>
			</method>
			<method name="(anonymous_29)"  hits="14"  signature="()V" >
				<lines><line number="522"  hits="14" /></lines>
			</method>
		</methods>
		<lines>
			<line number="5"  hits="1"  branch="false" />
			<line number="6"  hits="1"  branch="false" />
			<line number="7"  hits="1"  branch="false" />
			<line number="8"  hits="1"  branch="false" />
			<line number="9"  hits="1"  branch="false" />
			<line number="10"  hits="1"  branch="false" />
			<line number="11"  hits="1"  branch="false" />
			<line number="12"  hits="1"  branch="false" />
			<line number="13"  hits="1"  branch="false" />
			<line number="14"  hits="1"  branch="false" />
			<line number="15"  hits="1"  branch="false" />
			<line number="16"  hits="1"  branch="false" />
			<line number="18"  hits="1"  branch="false" />
			<line number="24"  hits="1"  branch="false" />
			<line number="32"  hits="1"  branch="false" />
			<line number="33"  hits="42"  branch="true"  condition-coverage="100% (2/2)" />
			<line number="34"  hits="22"  branch="true"  condition-coverage="100% (2/2)" />
			<line number="35"  hits="21"  branch="true"  condition-coverage="100% (2/2)" />
			<line number="36"  hits="21"  branch="true"  condition-coverage="100% (2/2)" />
			<line number="37"  hits="21"  branch="true"  condition-coverage="100% (2/2)" />
			<line number="38"  hits="21"  branch="true"  condition-coverage="100% (2/2)" />
			<line number="39"  hits="21"  branch="false" />
			<line number="40"  hits="21"  branch="false" />
			<line number="41"  hits="21"  branch="false" />
			<line number="42"  hits="21"  branch="false" />
			<line number="44"  hits="21"  branch="false" />
			<line number="45"  hits="21"  branch="false" />
			<line number="46"  hits="12"  branch="false" />
			<line number="47"  hits="12"  branch="false" />
			<line number="48"  hits="12"  branch="false" />
			<line number="50"  hits="21"  branch="false" />
			<line number="51"  hits="13"  branch="false" />
			<line number="53"  hits="21"  branch="false" />
			<line number="54"  hits="21"  branch="false" />
			<line number="61"  hits="1"  branch="false" />
			<line number="69"  hits="1"  branch="false" />
			<line number="70"  hits="18"  branch="true"  condition-coverage="50% (1/2)" />
			<line number="71"  hits="18"  branch="false" />
			<line number="72"  hits="18"  branch="false" />
			<line number="74"  hits="18"  branch="false" />
			<line number="75"  hits="18"  branch="false" />
			<line number="76"  hits="18"  branch="false" />
			<line number="77"  hits="18"  branch="false" />
			<line number="78"  hits="18"  branch="false" />
			<line number="80"  hits="18"  branch="true"  condition-coverage="50% (1/2)" />
			<line number="81"  hits="18"  branch="false" />
			<line number="82"  hits="18"  branch="false" />
			<line number="83"  hits="18"  branch="false" />
			<line number="88"  hits="18"  branch="false" />
			<line number="89"  hits="18"  branch="false" />
			<line number="90"  hits="18"  branch="false" />
			<line number="91"  hits="18"  branch="false" />
			<line number="101"  hits="1"  branch="false" />
			<line number="102"  hits="1"  branch="false" />
			<line number="103"  hits="1"  branch="false" />
			<line number="112"  hits="1"  branch="false" />
			<line number="113"  hits="2"  branch="false" />
			<line number="114"  hits="2"  branch="false" />
			<line number="125"  hits="1"  branch="false" />
			<line number="126"  hits="2"  branch="false" />
			<line number="127"  hits="2"  branch="false" />
			<line number="135"  hits="1"  branch="false" />
			<line number="136"  hits="17"  branch="true"  condition-coverage="100% (2/2)" />
			<line number="137"  hits="14"  branch="true"  condition-coverage="50% (2/4)" />
			<line number="138"  hits="14"  branch="false" />
			<line number="139"  hits="14"  branch="true"  condition-coverage="100% (2/2)" />
			<line number="140"  hits="12"  branch="true"  condition-coverage="50% (1/2)" />
			<line number="141"  hits="12"  branch="false" />
			<line number="142"  hits="12"  branch="true"  condition-coverage="100% (2/2)" />
			<line number="143"  hits="12"  branch="false" />
			<line number="144"  hits="12"  branch="false" />
			<line number="145"  hits="12"  branch="false" />
			<line number="146"  hits="12"  branch="false" />
			<line number="147"  hits="12"  branch="false" />
			<line number="148"  hits="12"  branch="false" />
			<line number="149"  hits="12"  branch="false" />
			<line number="150"  hits="12"  branch="false" />
			<line number="152"  hits="12"  branch="false" />
			<line number="154"  hits="12"  branch="false" />
			<line number="155"  hits="12"  branch="false" />
			<line number="156"  hits="12"  branch="false" />
			<line number="157"  hits="12"  branch="false" />
			<line number="163"  hits="12"  branch="false" />
			<line number="164"  hits="12"  branch="false" />
			<line number="172"  hits="12"  branch="false" />
			<line number="173"  hits="12"  branch="false" />
			<line number="174"  hits="12"  branch="false" />
			<line number="183"  hits="1"  branch="false" />
			<line number="184"  hits="298"  branch="true"  condition-coverage="100% (2/2)" />
			<line number="185"  hits="231"  branch="true"  condition-coverage="75% (3/4)" />
			<line number="186"  hits="231"  branch="false" />
			<line number="187"  hits="231"  branch="false" />
			<line number="188"  hits="231"  branch="false" />
			<line number="189"  hits="231"  branch="false" />
			<line number="190"  hits="231"  branch="false" />
			<line number="191"  hits="231"  branch="true"  condition-coverage="100% (2/2)" />
			<line number="192"  hits="42"  branch="false" />
			<line number="193"  hits="42"  branch="true"  condition-coverage="50% (1/2)" />
			<line number="194"  hits="42"  branch="true"  condition-coverage="100% (2/2)" />
			<line number="195"  hits="42"  branch="false" />
			<line number="196"  hits="42"  branch="false" />
			<line number="198"  hits="189"  branch="false" />
			<line number="199"  hits="189"  branch="true"  condition-coverage="100% (2/2)" />
			<line number="200"  hits="186"  branch="true"  condition-coverage="100% (2/2)" />
			<line number="201"  hits="186"  branch="false" />
			<line number="202"  hits="186"  branch="false" />
			<line number="204"  hits="228"  branch="false" />
			<line number="205"  hits="228"  branch="false" />
			<line number="206"  hits="228"  branch="false" />
			<line number="207"  hits="228"  branch="false" />
			<line number="215"  hits="1"  branch="false" />
			<line number="216"  hits="125"  branch="false" />
			<line number="224"  hits="1"  branch="false" />
			<line number="226"  hits="3"  branch="false" />
			<line number="227"  hits="3"  branch="false" />
			<line number="228"  hits="3"  branch="false" />
			<line number="231"  hits="1"  branch="false" />
			<line number="232"  hits="14"  branch="false" />
			<line number="233"  hits="14"  branch="true"  condition-coverage="100% (2/2)" />
			<line number="234"  hits="2"  branch="false" />
			<line number="235"  hits="12"  branch="true"  condition-coverage="50% (1/2)" />
			<line number="236"  hits="12"  branch="false" />
			<line number="238"  hits="0"  branch="false" />
			<line number="240"  hits="14"  branch="true"  condition-coverage="100% (2/2)" />
			<line number="241"  hits="12"  branch="false" />
			<line number="250"  hits="1"  branch="false" />
			<line number="251"  hits="142"  branch="false" />
			<line number="252"  hits="142"  branch="true"  condition-coverage="50% (1/2)" />
			<line number="253"  hits="142"  branch="false" />
			<line number="254"  hits="142"  branch="false" />
			<line number="255"  hits="142"  branch="false" />
			<line number="256"  hits="142"  branch="false" />
			<line number="257"  hits="142"  branch="true"  condition-coverage="100% (2/2)" />
			<line number="258"  hits="142"  branch="false" />
			<line number="259"  hits="142"  branch="false" />
			<line number="260"  hits="142"  branch="true"  condition-coverage="100% (2/2)" />
			<line number="261"  hits="142"  branch="false" />
			<line number="262"  hits="142"  branch="true"  condition-coverage="100% (2/2)" />
			<line number="264"  hits="142"  branch="false" />
			<line number="265"  hits="287"  branch="true"  condition-coverage="100% (5/5)" />
			<line number="266"  hits="108"  branch="false" />
			<line number="267"  hits="108"  branch="false" />
			<line number="269"  hits="179"  branch="false" />
			<line number="270"  hits="179"  branch="true"  condition-coverage="100% (2/2)" />
			<line number="271"  hits="39"  branch="false" />
			<line number="272"  hits="39"  branch="true"  condition-coverage="100% (4/4)" />
			<line number="273"  hits="32"  branch="true"  condition-coverage="100% (4/4)" />
			<line number="274"  hits="27"  branch="true"  condition-coverage="100% (2/2)" />
			<line number="275"  hits="19"  branch="true"  condition-coverage="100% (6/6)" />
			<line number="276"  hits="5"  branch="false" />
			<line number="277"  hits="5"  branch="false" />
			<line number="280"  hits="22"  branch="false" />
			<line number="281"  hits="22"  branch="false" />
			<line number="283"  hits="140"  branch="false" />
			<line number="284"  hits="140"  branch="true"  condition-coverage="100% (4/4)" />
			<line number="285"  hits="123"  branch="true"  condition-coverage="100% (4/4)" />
			<line number="286"  hits="76"  branch="true"  condition-coverage="100% (2/2)" />
			<line number="287"  hits="63"  branch="true"  condition-coverage="100% (6/6)" />
			<line number="288"  hits="21"  branch="false" />
			<line number="289"  hits="21"  branch="false" />
			<line number="292"  hits="55"  branch="false" />
			<line number="293"  hits="55"  branch="false" />
			<line number="295"  hits="77"  branch="false" />
			<line number="299"  hits="1"  branch="false" />
			<line number="309"  hits="1"  branch="false" />
			<line number="310"  hits="127"  branch="true"  condition-coverage="100% (2/2)" />
			<line number="311"  hits="12"  branch="false" />
			<line number="312"  hits="12"  branch="false" />
			<line number="315"  hits="127"  branch="true"  condition-coverage="100% (2/2)" />
			<line number="316"  hits="14"  branch="false" />
			<line number="317"  hits="14"  branch="true"  condition-coverage="100% (2/2)" />
			<line number="318"  hits="14"  branch="false" />
			<line number="319"  hits="14"  branch="false" />
			<line number="320"  hits="14"  branch="false" />
			<line number="321"  hits="14"  branch="false" />
			<line number="322"  hits="1"  branch="false" />
			<line number="323"  hits="14"  branch="false" />
			<line number="324"  hits="14"  branch="true"  condition-coverage="100% (2/2)" />
			<line number="326"  hits="12"  branch="false" />
			<line number="327"  hits="12"  branch="false" />
			<line number="328"  hits="12"  branch="false" />
			<line number="329"  hits="12"  branch="false" />
			<line number="330"  hits="12"  branch="true"  condition-coverage="100% (2/2)" />
			<line number="331"  hits="8"  branch="false" />
			<line number="333"  hits="12"  branch="false" />
			<line number="335"  hits="2"  branch="false" />
			<line number="337"  hits="14"  branch="false" />
			<line number="338"  hits="14"  branch="true"  condition-coverage="100% (2/2)" />
			<line number="340"  hits="14"  branch="true"  condition-coverage="100% (2/2)" />
			<line number="341"  hits="12"  branch="false" />
			<line number="342"  hits="12"  branch="true"  condition-coverage="100% (2/2)" />
			<line number="343"  hits="2"  branch="false" />
			<line number="345"  hits="10"  branch="false" />
			<line number="355"  hits="1"  branch="false" />
			<line number="356"  hits="12"  branch="false" />
			<line number="357"  hits="12"  branch="true"  condition-coverage="100% (2/2)" />
			<line number="358"  hits="3"  branch="true"  condition-coverage="50% (1/2)" />
			<line number="359"  hits="0"  branch="true"  condition-coverage="0% (0/2)" />
			<line number="361"  hits="3"  branch="true"  condition-coverage="50% (1/2)" />
			<line number="364"  hits="12"  branch="false" />
			<line number="377"  hits="1"  branch="false" />
			<line number="378"  hits="2"  branch="false" />
			<line number="379"  hits="2"  branch="false" />
			<line number="380"  hits="2"  branch="true"  condition-coverage="50% (1/2)" />
			<line number="381"  hits="2"  branch="false" />
			<line number="382"  hits="2"  branch="false" />
			<line number="383"  hits="2"  branch="false" />
			<line number="384"  hits="2"  branch="false" />
			<line number="385"  hits="2"  branch="false" />
			<line number="386"  hits="2"  branch="true"  condition-coverage="50% (1/2)" />
			<line number="387"  hits="2"  branch="true"  condition-coverage="50% (1/2)" />
			<line number="389"  hits="0"  branch="true"  condition-coverage="0% (0/2)" />
			<line number="391"  hits="2"  branch="false" />
			<line number="392"  hits="2"  branch="false" />
			<line number="393"  hits="2"  branch="false" />
			<line number="394"  hits="2"  branch="false" />
			<line number="395"  hits="2"  branch="false" />
			<line number="396"  hits="1"  branch="false" />
			<line number="397"  hits="42"  branch="true"  condition-coverage="100% (2/2)" />
			<line number="398"  hits="42"  branch="false" />
			<line number="399"  hits="42"  branch="true"  condition-coverage="100% (2/2)" />
			<line number="400"  hits="42"  branch="false" />
			<line number="401"  hits="42"  branch="false" />
			<line number="402"  hits="42"  branch="true"  condition-coverage="50% (1/2)" />
			<line number="403"  hits="42"  branch="false" />
			<line number="404"  hits="42"  branch="false" />
			<line number="406"  hits="0"  branch="false" />
			<line number="407"  hits="0"  branch="false" />
			<line number="409"  hits="42"  branch="true"  condition-coverage="100% (2/2)" />
			<line number="410"  hits="40"  branch="false" />
			<line number="412"  hits="2"  branch="false" />
			<line number="424"  hits="1"  branch="false" />
			<line number="425"  hits="10"  branch="false" />
			<line number="426"  hits="10"  branch="false" />
			<line number="427"  hits="10"  branch="false" />
			<line number="428"  hits="10"  branch="true"  condition-coverage="100% (2/2)" />
			<line number="429"  hits="10"  branch="true"  condition-coverage="100% (2/2)" />
			<line number="430"  hits="10"  branch="true"  condition-coverage="100% (2/2)" />
			<line number="431"  hits="10"  branch="true"  condition-coverage="100% (2/2)" />
			<line number="432"  hits="6"  branch="false" />
			<line number="434"  hits="4"  branch="false" />
			<line number="435"  hits="4"  branch="false" />
			<line number="436"  hits="4"  branch="false" />
			<line number="438"  hits="4"  branch="false" />
			<line number="439"  hits="4"  branch="false" />
			<line number="449"  hits="1"  branch="false" />
			<line number="450"  hits="3"  branch="false" />
			<line number="451"  hits="3"  branch="false" />
			<line number="452"  hits="3"  branch="false" />
			<line number="453"  hits="3"  branch="false" />
			<line number="454"  hits="3"  branch="false" />
			<line number="455"  hits="3"  branch="true"  condition-coverage="50% (1/2)" />
			<line number="456"  hits="0"  branch="true"  condition-coverage="0% (0/2)" />
			<line number="458"  hits="3"  branch="true"  condition-coverage="100% (2/2)" />
			<line number="460"  hits="3"  branch="false" />
			<line number="461"  hits="3"  branch="false" />
			<line number="462"  hits="3"  branch="false" />
			<line number="463"  hits="1"  branch="false" />
			<line number="465"  hits="3"  branch="false" />
			<line number="466"  hits="2"  branch="false" />
			<line number="467"  hits="2"  branch="false" />
			<line number="468"  hits="2"  branch="false" />
			<line number="469"  hits="2"  branch="false" />
			<line number="470"  hits="2"  branch="false" />
			<line number="471"  hits="2"  branch="false" />
			<line number="472"  hits="2"  branch="false" />
			<line number="473"  hits="2"  branch="false" />
			<line number="474"  hits="2"  branch="false" />
			<line number="475"  hits="2"  branch="false" />
			<line number="476"  hits="2"  branch="false" />
			<line number="477"  hits="2"  branch="true"  condition-coverage="50% (1/2)" />
			<line number="478"  hits="2"  branch="false" />
			<line number="479"  hits="2"  branch="true"  condition-coverage="50% (1/2)" />
			<line number="480"  hits="2"  branch="false" />
			<line number="482"  hits="0"  branch="false" />
			<line number="485"  hits="0"  branch="false" />
			<line number="487"  hits="2"  branch="false" />
			<line number="488"  hits="2"  branch="false" />
			<line number="489"  hits="2"  branch="false" />
			<line number="491"  hits="1"  branch="false" />
			<line number="492"  hits="2"  branch="false" />
			<line number="493"  hits="2"  branch="false" />
			<line number="494"  hits="2"  branch="false" />
			<line number="496"  hits="2"  branch="false" />
			<line number="497"  hits="2"  branch="false" />
			<line number="499"  hits="3"  branch="false" />
			<line number="500"  hits="24"  branch="false" />
			<line number="501"  hits="24"  branch="false" />
			<line number="502"  hits="24"  branch="false" />
			<line number="505"  hits="3"  branch="false" />
			<line number="506"  hits="2"  branch="false" />
			<line number="507"  hits="2"  branch="false" />
			<line number="508"  hits="2"  branch="true"  condition-coverage="50% (1/2)" />
			<line number="509"  hits="2"  branch="false" />
			<line number="510"  hits="2"  branch="false" />
			<line number="512"  hits="0"  branch="false" />
			<line number="522"  hits="1"  branch="false" />
			<line number="523"  hits="14"  branch="false" />
			<line number="524"  hits="14"  branch="false" />
			<line number="525"  hits="14"  branch="false" />
			<line number="526"  hits="14"  branch="false" />
			<line number="527"  hits="14"  branch="false" />
			<line number="528"  hits="14"  branch="false" />
			<line number="529"  hits="14"  branch="false" />
		</lines>
		</class>
		<class name="util.js"  filename="lib/util.js"  line-rate="0.9394"  branch-rate="0.7537999999999999" >
		<methods>
			<method name="(anonymous_1)"  hits="12"  signature="()V" >
				<lines><line number="15"  hits="12" /></lines>
			</method>
			<method name="(anonymous_2)"  hits="33"  signature="()V" >
				<lines><line number="31"  hits="33" /></lines>
			</method>
			<method name="(anonymous_3)"  hits="21"  signature="()V" >
				<lines><line number="50"  hits="21" /></lines>
			</method>
			<method name="(anonymous_4)"  hits="21"  signature="()V" >
				<lines><line number="71"  hits="21" /></lines>
			</method>
			<method name="(anonymous_5)"  hits="11"  signature="()V" >
				<lines><line number="89"  hits="11" /></lines>
			</method>
			<method name="(anonymous_6)"  hits="78"  signature="()V" >
				<lines><line number="106"  hits="78" /></lines>
			</method>
			<method name="(anonymous_7)"  hits="444"  signature="()V" >
				<lines><line number="108"  hits="444" /></lines>
			</method>
			<method name="(anonymous_8)"  hits="24"  signature="()V" >
				<lines><line number="122"  hits="24" /></lines>
			</method>
			<method name="(anonymous_9)"  hits="298"  signature="()V" >
				<lines><line number="137"  hits="298" /></lines>
			</method>
			<method name="(anonymous_10)"  hits="10"  signature="()V" >
				<lines><line number="148"  hits="10" /></lines>
			</method>
			<method name="(anonymous_11)"  hits="46"  signature="()V" >
				<lines><line number="166"  hits="46" /></lines>
			</method>
			<method name="(anonymous_12)"  hits="31"  signature="()V" >
				<lines><line number="184"  hits="31" /></lines>
			</method>
			<method name="(anonymous_13)"  hits="243"  signature="()V" >
				<lines><line number="200"  hits="243" /></lines>
			</method>
			<method name="(anonymous_14)"  hits="21"  signature="()V" >
				<lines><line number="215"  hits="21" /></lines>
			</method>
			<method name="(anonymous_15)"  hits="2"  signature="()V" >
				<lines><line number="230"  hits="2" /></lines>
			</method>
		</methods>
		<lines>
			<line number="1"  hits="1"  branch="false" />
			<line number="2"  hits="1"  branch="false" />
			<line number="3"  hits="1"  branch="false" />
			<line number="4"  hits="1"  branch="false" />
			<line number="5"  hits="1"  branch="false" />
			<line number="15"  hits="1"  branch="false" />
			<line number="16"  hits="12"  branch="true"  condition-coverage="50% (1/2)" />
			<line number="17"  hits="12"  branch="false" />
			<line number="18"  hits="13"  branch="true"  condition-coverage="100% (2/2)" />
			<line number="19"  hits="1"  branch="false" />
			<line number="31"  hits="1"  branch="false" />
			<line number="32"  hits="33"  branch="false" />
			<line number="33"  hits="33"  branch="false" />
			<line number="34"  hits="33"  branch="false" />
			<line number="50"  hits="1"  branch="false" />
			<line number="51"  hits="21"  branch="false" />
			<line number="52"  hits="21"  branch="false" />
			<line number="60"  hits="21"  branch="false" />
			<line number="63"  hits="1"  branch="false" />
			<line number="71"  hits="1"  branch="false" />
			<line number="72"  hits="21"  branch="false" />
			<line number="73"  hits="67"  branch="true"  condition-coverage="100% (2/2)" />
			<line number="74"  hits="46"  branch="false" />
			<line number="75"  hits="46"  branch="true"  condition-coverage="80% (4/5)" />
			<line number="76"  hits="0"  branch="false" />
			<line number="78"  hits="46"  branch="false" />
			<line number="89"  hits="1"  branch="false" />
			<line number="90"  hits="11"  branch="true"  condition-coverage="100% (2/2)" />
			<line number="91"  hits="6"  branch="false" />
			<line number="93"  hits="5"  branch="false" />
			<line number="106"  hits="1"  branch="false" />
			<line number="107"  hits="78"  branch="false" />
			<line number="108"  hits="78"  branch="false" />
			<line number="109"  hits="444"  branch="false" />
			<line number="110"  hits="444"  branch="false" />
			<line number="112"  hits="78"  branch="false" />
			<line number="122"  hits="1"  branch="false" />
			<line number="123"  hits="24"  branch="false" />
			<line number="124"  hits="24"  branch="false" />
			<line number="125"  hits="74"  branch="false" />
			<line number="126"  hits="74"  branch="true"  condition-coverage="100% (2/2)" />
			<line number="127"  hits="24"  branch="false" />
			<line number="137"  hits="1"  branch="false" />
			<line number="138"  hits="298"  branch="false" />
			<line number="139"  hits="298"  branch="true"  condition-coverage="100% (2/2)" />
			<line number="140"  hits="298"  branch="true"  condition-coverage="100% (2/2)" />
			<line number="141"  hits="298"  branch="true"  condition-coverage="50% (1/2)" />
			<line number="142"  hits="298"  branch="false" />
			<line number="144"  hits="0"  branch="false" />
			<line number="148"  hits="1"  branch="false" />
			<line number="149"  hits="10"  branch="false" />
			<line number="150"  hits="10"  branch="false" />
			<line number="151"  hits="10"  branch="false" />
			<line number="152"  hits="10"  branch="false" />
			<line number="153"  hits="10"  branch="false" />
			<line number="154"  hits="10"  branch="true"  condition-coverage="100% (2/2)" />
			<line number="155"  hits="8"  branch="false" />
			<line number="156"  hits="8"  branch="true"  condition-coverage="100% (2/2)" />
			<line number="157"  hits="8"  branch="false" />
			<line number="159"  hits="2"  branch="false" />
			<line number="160"  hits="2"  branch="true"  condition-coverage="100% (2/2)" />
			<line number="161"  hits="2"  branch="false" />
			<line number="163"  hits="10"  branch="false" />
			<line number="166"  hits="1"  branch="false" />
			<line number="167"  hits="46"  branch="false" />
			<line number="168"  hits="46"  branch="false" />
			<line number="183"  hits="1"  branch="false" />
			<line number="184"  hits="1"  branch="false" />
			<line number="185"  hits="31"  branch="false" />
			<line number="186"  hits="31"  branch="true"  condition-coverage="100% (2/2)" />
			<line number="187"  hits="31"  branch="true"  condition-coverage="50% (1/2)" />
			<line number="188"  hits="0"  branch="false" />
			<line number="190"  hits="31"  branch="false" />
			<line number="200"  hits="1"  branch="false" />
			<line number="202"  hits="243"  branch="false" />
			<line number="203"  hits="243"  branch="true"  condition-coverage="75% (3/4)" />
			<line number="205"  hits="243"  branch="false" />
			<line number="207"  hits="243"  branch="false" />
			<line number="215"  hits="1"  branch="false" />
			<line number="216"  hits="21"  branch="false" />
			<line number="217"  hits="21"  branch="true"  condition-coverage="50% (1/2)" />
			<line number="218"  hits="0"  branch="false" />
			<line number="230"  hits="1"  branch="false" />
			<line number="231"  hits="2"  branch="false" />
			<line number="232"  hits="2"  branch="false" />
			<line number="233"  hits="2"  branch="false" />
			<line number="234"  hits="2"  branch="false" />
			<line number="235"  hits="2"  branch="false" />
			<line number="237"  hits="2"  branch="false" />
			<line number="238"  hits="2"  branch="false" />
			<line number="239"  hits="2"  branch="false" />
			<line number="240"  hits="2"  branch="false" />
			<line number="242"  hits="2"  branch="true"  condition-coverage="75% (3/4)" />
			<line number="243"  hits="2"  branch="true"  condition-coverage="75% (3/4)" />
			<line number="245"  hits="2"  branch="true"  condition-coverage="50% (2/4)" />
			<line number="246"  hits="2"  branch="true"  condition-coverage="75% (3/4)" />
			<line number="248"  hits="2"  branch="true"  condition-coverage="75% (3/4)" />
			<line number="249"  hits="0"  branch="true"  condition-coverage="0% (0/4)" />
			<line number="251"  hits="0"  branch="false" />
		</lines>
		</class>
	</classes>
	</package>
</packages>
</coverage>
