TN:
SF:/Users/chemzqm/component-dev/sortable/lib/index.js
FN:32,Sortable
FN:45,(anonymous_2)
FN:50,(anonymous_3)
FN:69,(anonymous_4)
FN:101,(anonymous_5)
FN:112,(anonymous_6)
FN:125,(anonymous_7)
FN:135,(anonymous_8)
FN:145,(anonymous_9)
FN:183,(anonymous_10)
FN:215,(anonymous_11)
FN:225,(anonymous_12)
FN:231,(anonymous_13)
FN:250,(anonymous_14)
FN:309,(anonymous_15)
FN:322,cb
FN:355,(anonymous_17)
FN:377,(anonymous_18)
FN:396,animate
FN:424,(anonymous_20)
FN:434,(anonymous_21)
FN:449,(anonymous_22)
FN:462,(anonymous_23)
FN:465,(anonymous_24)
FN:487,(anonymous_25)
FN:491,end
FN:499,(anonymous_27)
FN:505,(anonymous_28)
FN:522,(anonymous_29)
FNF:29
FNH:29
FNDA:42,Sortable
FNDA:12,(anonymous_2)
FNDA:13,(anonymous_3)
FNDA:18,(anonymous_4)
FNDA:1,(anonymous_5)
FNDA:2,(anonymous_6)
FNDA:2,(anonymous_7)
FNDA:17,(anonymous_8)
FNDA:12,(anonymous_9)
FNDA:298,(anonymous_10)
FNDA:125,(anonymous_11)
FNDA:3,(anonymous_12)
FNDA:14,(anonymous_13)
FNDA:142,(anonymous_14)
FNDA:127,(anonymous_15)
FNDA:14,cb
FNDA:12,(anonymous_17)
FNDA:2,(anonymous_18)
FNDA:42,animate
FNDA:10,(anonymous_20)
FNDA:4,(anonymous_21)
FNDA:3,(anonymous_22)
FNDA:1,(anonymous_23)
FNDA:2,(anonymous_24)
FNDA:2,(anonymous_25)
FNDA:2,end
FNDA:24,(anonymous_27)
FNDA:2,(anonymous_28)
FNDA:14,(anonymous_29)
DA:5,1
DA:6,1
DA:7,1
DA:8,1
DA:9,1
DA:10,1
DA:11,1
DA:12,1
DA:13,1
DA:14,1
DA:15,1
DA:16,1
DA:18,1
DA:24,1
DA:32,1
DA:33,42
DA:34,22
DA:35,21
DA:36,21
DA:37,21
DA:38,21
DA:39,21
DA:40,21
DA:41,21
DA:42,21
DA:44,21
DA:45,21
DA:46,12
DA:47,12
DA:48,12
DA:50,21
DA:51,13
DA:53,21
DA:54,21
DA:61,1
DA:69,1
DA:70,18
DA:71,18
DA:72,18
DA:74,18
DA:75,18
DA:76,18
DA:77,18
DA:78,18
DA:80,18
DA:81,18
DA:82,18
DA:83,18
DA:88,18
DA:89,18
DA:90,18
DA:91,18
DA:101,1
DA:102,1
DA:103,1
DA:112,1
DA:113,2
DA:114,2
DA:125,1
DA:126,2
DA:127,2
DA:135,1
DA:136,17
DA:137,14
DA:138,14
DA:139,14
DA:140,12
DA:141,12
DA:142,12
DA:143,12
DA:144,12
DA:145,12
DA:146,12
DA:147,12
DA:148,12
DA:149,12
DA:150,12
DA:152,12
DA:154,12
DA:155,12
DA:156,12
DA:157,12
DA:163,12
DA:164,12
DA:172,12
DA:173,12
DA:174,12
DA:183,1
DA:184,298
DA:185,231
DA:186,231
DA:187,231
DA:188,231
DA:189,231
DA:190,231
DA:191,231
DA:192,42
DA:193,42
DA:194,42
DA:195,42
DA:196,42
DA:198,189
DA:199,189
DA:200,186
DA:201,186
DA:202,186
DA:204,228
DA:205,228
DA:206,228
DA:207,228
DA:215,1
DA:216,125
DA:224,1
DA:226,3
DA:227,3
DA:228,3
DA:231,1
DA:232,14
DA:233,14
DA:234,2
DA:235,12
DA:236,12
DA:238,0
DA:240,14
DA:241,12
DA:250,1
DA:251,142
DA:252,142
DA:253,142
DA:254,142
DA:255,142
DA:256,142
DA:257,142
DA:258,142
DA:259,142
DA:260,142
DA:261,142
DA:262,142
DA:264,142
DA:265,287
DA:266,108
DA:267,108
DA:269,179
DA:270,179
DA:271,39
DA:272,39
DA:273,32
DA:274,27
DA:275,19
DA:276,5
DA:277,5
DA:280,22
DA:281,22
DA:283,140
DA:284,140
DA:285,123
DA:286,76
DA:287,63
DA:288,21
DA:289,21
DA:292,55
DA:293,55
DA:295,77
DA:299,1
DA:309,1
DA:310,127
DA:311,12
DA:312,12
DA:315,127
DA:316,14
DA:317,14
DA:318,14
DA:319,14
DA:320,14
DA:321,14
DA:322,1
DA:323,14
DA:324,14
DA:326,12
DA:327,12
DA:328,12
DA:329,12
DA:330,12
DA:331,8
DA:333,12
DA:335,2
DA:337,14
DA:338,14
DA:340,14
DA:341,12
DA:342,12
DA:343,2
DA:345,10
DA:355,1
DA:356,12
DA:357,12
DA:358,3
DA:359,0
DA:361,3
DA:364,12
DA:377,1
DA:378,2
DA:379,2
DA:380,2
DA:381,2
DA:382,2
DA:383,2
DA:384,2
DA:385,2
DA:386,2
DA:387,2
DA:389,0
DA:391,2
DA:392,2
DA:393,2
DA:394,2
DA:395,2
DA:396,1
DA:397,42
DA:398,42
DA:399,42
DA:400,42
DA:401,42
DA:402,42
DA:403,42
DA:404,42
DA:406,0
DA:407,0
DA:409,42
DA:410,40
DA:412,2
DA:424,1
DA:425,10
DA:426,10
DA:427,10
DA:428,10
DA:429,10
DA:430,10
DA:431,10
DA:432,6
DA:434,4
DA:435,4
DA:436,4
DA:438,4
DA:439,4
DA:449,1
DA:450,3
DA:451,3
DA:452,3
DA:453,3
DA:454,3
DA:455,3
DA:456,0
DA:458,3
DA:460,3
DA:461,3
DA:462,3
DA:463,1
DA:465,3
DA:466,2
DA:467,2
DA:468,2
DA:469,2
DA:470,2
DA:471,2
DA:472,2
DA:473,2
DA:474,2
DA:475,2
DA:476,2
DA:477,2
DA:478,2
DA:479,2
DA:480,2
DA:482,0
DA:485,0
DA:487,2
DA:488,2
DA:489,2
DA:491,1
DA:492,2
DA:493,2
DA:494,2
DA:496,2
DA:497,2
DA:499,3
DA:500,24
DA:501,24
DA:502,24
DA:505,3
DA:506,2
DA:507,2
DA:508,2
DA:509,2
DA:510,2
DA:512,0
DA:522,1
DA:523,14
DA:524,14
DA:525,14
DA:526,14
DA:527,14
DA:528,14
DA:529,14
LF:304
LH:295
BRDA:33,1,0,20
BRDA:33,1,1,22
BRDA:34,2,0,1
BRDA:34,2,1,21
BRDA:35,3,0,21
BRDA:35,3,1,18
BRDA:36,4,0,19
BRDA:36,4,1,2
BRDA:37,5,0,21
BRDA:37,5,1,21
BRDA:38,6,0,21
BRDA:38,6,1,20
BRDA:70,7,0,18
BRDA:70,7,1,0
BRDA:80,8,0,18
BRDA:80,8,1,0
BRDA:136,9,0,3
BRDA:136,9,1,14
BRDA:137,10,0,0
BRDA:137,10,1,14
BRDA:137,11,0,14
BRDA:137,11,1,0
BRDA:139,12,0,2
BRDA:139,12,1,12
BRDA:140,13,0,0
BRDA:140,13,1,12
BRDA:142,14,0,1
BRDA:142,14,1,11
BRDA:184,15,0,67
BRDA:184,15,1,231
BRDA:185,16,0,0
BRDA:185,16,1,231
BRDA:185,17,0,231
BRDA:185,17,1,231
BRDA:191,18,0,42
BRDA:191,18,1,189
BRDA:193,19,0,0
BRDA:193,19,1,42
BRDA:194,20,0,24
BRDA:194,20,1,18
BRDA:199,21,0,3
BRDA:199,21,1,186
BRDA:200,22,0,120
BRDA:200,22,1,66
BRDA:233,23,0,2
BRDA:233,23,1,12
BRDA:235,24,0,12
BRDA:235,24,1,0
BRDA:240,25,0,2
BRDA:240,25,1,12
BRDA:252,26,0,0
BRDA:252,26,1,142
BRDA:257,27,0,118
BRDA:257,27,1,24
BRDA:260,28,0,142
BRDA:260,28,1,56
BRDA:262,29,0,98
BRDA:262,29,1,44
BRDA:265,30,0,108
BRDA:265,30,1,179
BRDA:265,31,0,287
BRDA:265,31,1,287
BRDA:265,31,2,248
BRDA:270,32,0,39
BRDA:270,32,1,140
BRDA:272,33,0,7
BRDA:272,33,1,32
BRDA:272,34,0,39
BRDA:272,34,1,22
BRDA:273,35,0,5
BRDA:273,35,1,27
BRDA:273,36,0,32
BRDA:273,36,1,17
BRDA:274,37,0,19
BRDA:274,37,1,8
BRDA:275,38,0,5
BRDA:275,38,1,14
BRDA:275,39,0,19
BRDA:275,39,1,11
BRDA:275,39,2,17
BRDA:275,39,3,8
BRDA:284,40,0,17
BRDA:284,40,1,123
BRDA:284,41,0,140
BRDA:284,41,1,50
BRDA:285,42,0,47
BRDA:285,42,1,76
BRDA:285,43,0,123
BRDA:285,43,1,90
BRDA:286,44,0,63
BRDA:286,44,1,13
BRDA:287,45,0,21
BRDA:287,45,1,42
BRDA:287,46,0,63
BRDA:287,46,1,36
BRDA:287,46,2,50
BRDA:287,46,3,27
BRDA:310,47,0,12
BRDA:310,47,1,115
BRDA:315,48,0,113
BRDA:315,48,1,14
BRDA:317,49,0,12
BRDA:317,49,1,2
BRDA:324,50,0,12
BRDA:324,50,1,2
BRDA:330,51,0,8
BRDA:330,51,1,4
BRDA:338,52,0,8
BRDA:338,52,1,6
BRDA:340,53,0,2
BRDA:340,53,1,12
BRDA:342,54,0,2
BRDA:342,54,1,10
BRDA:357,55,0,3
BRDA:357,55,1,9
BRDA:358,56,0,0
BRDA:358,56,1,3
BRDA:359,57,0,0
BRDA:359,57,1,0
BRDA:361,58,0,0
BRDA:361,58,1,3
BRDA:380,59,0,2
BRDA:380,59,1,0
BRDA:386,60,0,2
BRDA:386,60,1,0
BRDA:387,61,0,0
BRDA:387,61,1,2
BRDA:389,62,0,0
BRDA:389,62,1,0
BRDA:397,63,0,2
BRDA:397,63,1,40
BRDA:399,64,0,2
BRDA:399,64,1,40
BRDA:402,65,0,42
BRDA:402,65,1,0
BRDA:409,66,0,2
BRDA:409,66,1,40
BRDA:428,67,0,10
BRDA:428,67,1,8
BRDA:429,68,0,10
BRDA:429,68,1,6
BRDA:430,69,0,10
BRDA:430,69,1,8
BRDA:431,70,0,6
BRDA:431,70,1,4
BRDA:455,71,0,0
BRDA:455,71,1,3
BRDA:456,72,0,0
BRDA:456,72,1,0
BRDA:458,73,0,2
BRDA:458,73,1,1
BRDA:477,74,0,2
BRDA:477,74,1,0
BRDA:479,75,0,2
BRDA:479,75,1,0
BRDA:508,76,0,2
BRDA:508,76,1,0
BRF:157
BRH:132
end_of_record
TN:
SF:/Users/chemzqm/component-dev/sortable/lib/util.js
FN:15,(anonymous_1)
FN:31,(anonymous_2)
FN:50,(anonymous_3)
FN:71,(anonymous_4)
FN:89,(anonymous_5)
FN:106,(anonymous_6)
FN:108,(anonymous_7)
FN:122,(anonymous_8)
FN:137,(anonymous_9)
FN:148,(anonymous_10)
FN:166,(anonymous_11)
FN:184,(anonymous_12)
FN:200,(anonymous_13)
FN:215,(anonymous_14)
FN:230,(anonymous_15)
FNF:15
FNH:15
FNDA:12,(anonymous_1)
FNDA:33,(anonymous_2)
FNDA:21,(anonymous_3)
FNDA:21,(anonymous_4)
FNDA:11,(anonymous_5)
FNDA:78,(anonymous_6)
FNDA:444,(anonymous_7)
FNDA:24,(anonymous_8)
FNDA:298,(anonymous_9)
FNDA:10,(anonymous_10)
FNDA:46,(anonymous_11)
FNDA:31,(anonymous_12)
FNDA:243,(anonymous_13)
FNDA:21,(anonymous_14)
FNDA:2,(anonymous_15)
DA:1,1
DA:2,1
DA:3,1
DA:4,1
DA:5,1
DA:15,1
DA:16,12
DA:17,12
DA:18,13
DA:19,1
DA:31,1
DA:32,33
DA:33,33
DA:34,33
DA:50,1
DA:51,21
DA:52,21
DA:60,21
DA:63,1
DA:71,1
DA:72,21
DA:73,67
DA:74,46
DA:75,46
DA:76,0
DA:78,46
DA:89,1
DA:90,11
DA:91,6
DA:93,5
DA:106,1
DA:107,78
DA:108,78
DA:109,444
DA:110,444
DA:112,78
DA:122,1
DA:123,24
DA:124,24
DA:125,74
DA:126,74
DA:127,24
DA:137,1
DA:138,298
DA:139,298
DA:140,298
DA:141,298
DA:142,298
DA:144,0
DA:148,1
DA:149,10
DA:150,10
DA:151,10
DA:152,10
DA:153,10
DA:154,10
DA:155,8
DA:156,8
DA:157,8
DA:159,2
DA:160,2
DA:161,2
DA:163,10
DA:166,1
DA:167,46
DA:168,46
DA:183,1
DA:184,1
DA:185,31
DA:186,31
DA:187,31
DA:188,0
DA:190,31
DA:200,1
DA:202,243
DA:203,243
DA:205,243
DA:207,243
DA:215,1
DA:216,21
DA:217,21
DA:218,0
DA:230,1
DA:231,2
DA:232,2
DA:233,2
DA:234,2
DA:235,2
DA:237,2
DA:238,2
DA:239,2
DA:240,2
DA:242,2
DA:243,2
DA:245,2
DA:246,2
DA:248,2
DA:249,0
DA:251,0
LF:99
LH:93
BRDA:16,1,0,0
BRDA:16,1,1,12
BRDA:18,2,0,12
BRDA:18,2,1,1
BRDA:37,3,0,33
BRDA:37,3,1,1
BRDA:38,4,0,33
BRDA:38,4,1,1
BRDA:73,5,0,21
BRDA:73,5,1,46
BRDA:75,6,0,0
BRDA:75,6,1,46
BRDA:75,7,0,46
BRDA:75,7,1,46
BRDA:75,7,2,46
BRDA:90,8,0,6
BRDA:90,8,1,5
BRDA:126,9,0,24
BRDA:126,9,1,50
BRDA:139,10,0,298
BRDA:139,10,1,246
BRDA:140,11,0,298
BRDA:140,11,1,56
BRDA:141,12,0,298
BRDA:141,12,1,0
BRDA:154,13,0,8
BRDA:154,13,1,2
BRDA:156,14,0,5
BRDA:156,14,1,3
BRDA:160,15,0,1
BRDA:160,15,1,1
BRDA:186,16,0,31
BRDA:186,16,1,21
BRDA:187,17,0,0
BRDA:187,17,1,31
BRDA:203,18,0,243
BRDA:203,18,1,0
BRDA:203,19,0,243
BRDA:203,19,1,243
BRDA:217,20,0,0
BRDA:217,20,1,21
BRDA:242,21,0,0
BRDA:242,21,1,2
BRDA:242,22,0,2
BRDA:242,22,1,2
BRDA:243,23,0,0
BRDA:243,23,1,2
BRDA:243,24,0,2
BRDA:243,24,1,2
BRDA:245,25,0,0
BRDA:245,25,1,2
BRDA:245,26,0,2
BRDA:245,26,1,0
BRDA:246,27,0,0
BRDA:246,27,1,2
BRDA:246,28,0,2
BRDA:246,28,1,2
BRDA:248,29,0,2
BRDA:248,29,1,0
BRDA:248,30,0,2
BRDA:248,30,1,2
BRDA:249,31,0,0
BRDA:249,31,1,0
BRDA:249,32,0,0
BRDA:249,32,1,0
BRF:65
BRH:49
end_of_record
TN:
SF:/Users/chemzqm/component-dev/sortable/lib/animate.js
FN:8,Animate
FN:25,(anonymous_2)
FN:50,(anonymous_3)
FN:60,(anonymous_4)
FN:78,(anonymous_5)
FN:82,(anonymous_6)
FNF:6
FNH:6
FNDA:14,Animate
FNDA:77,(anonymous_2)
FNDA:22,(anonymous_3)
FNDA:21,(anonymous_4)
FNDA:24,(anonymous_5)
FNDA:23,(anonymous_6)
DA:1,1
DA:2,1
DA:3,1
DA:4,1
DA:5,1
DA:6,1
DA:8,1
DA:9,14
DA:10,14
DA:11,14
DA:12,14
DA:13,14
DA:14,14
DA:25,1
DA:26,77
DA:27,77
DA:28,77
DA:29,77
DA:30,24
DA:32,24
DA:33,3
DA:34,3
DA:35,2
DA:36,2
DA:38,1
DA:39,1
DA:40,1
DA:43,21
DA:44,21
DA:45,21
DA:46,21
DA:50,1
DA:51,22
DA:52,22
DA:53,14
DA:55,8
DA:57,22
DA:60,1
DA:61,21
DA:62,21
DA:63,21
DA:64,21
DA:65,21
DA:66,21
DA:68,21
DA:69,13
DA:71,8
DA:73,21
DA:75,21
DA:78,1
DA:79,24
DA:80,24
DA:81,24
DA:82,24
DA:83,23
DA:84,23
DA:85,23
DA:86,21
DA:88,21
DA:89,21
DA:90,21
DA:91,21
DA:92,20
DA:93,11
DA:95,9
DA:98,21
DA:99,21
DA:101,21
DA:102,21
DA:103,13
DA:104,13
DA:106,8
DA:107,8
DA:109,21
DA:111,24
DA:112,24
DA:113,24
DA:116,1
LF:78
LH:78
BRDA:26,1,0,21
BRDA:26,1,1,56
BRDA:27,2,0,77
BRDA:27,2,1,21
BRDA:29,3,0,53
BRDA:29,3,1,24
BRDA:32,4,0,3
BRDA:32,4,1,21
BRDA:34,5,0,2
BRDA:34,5,1,1
BRDA:52,6,0,14
BRDA:52,6,1,8
BRDA:53,7,0,7
BRDA:53,7,1,7
BRDA:55,8,0,4
BRDA:55,8,1,4
BRDA:68,9,0,13
BRDA:68,9,1,8
BRDA:85,10,0,2
BRDA:85,10,1,21
BRDA:91,11,0,20
BRDA:91,11,1,1
BRDA:91,12,0,21
BRDA:91,12,1,21
BRDA:91,12,2,20
BRDA:92,13,0,11
BRDA:92,13,1,9
BRDA:99,14,0,0
BRDA:99,14,1,21
BRDA:102,15,0,13
BRDA:102,15,1,8
BRF:31
BRH:30
end_of_record
